<?xml version="1.0" encoding="UTF-8"?>
<testng-results ignored="0" total="2" passed="2" failed="0" skipped="0">
  <reporter-output>
  </reporter-output>
  <suite started-at="2024-01-28T21:23:12 AST" name="Default suite" finished-at="2024-01-28T21:23:23 AST" duration-ms="11012">
    <groups>
    </groups>
    <test started-at="2024-01-28T21:23:12 AST" name="Default test" finished-at="2024-01-28T21:23:23 AST" duration-ms="11012">
      <class name="login.RandomLogin">
        <test-method is-config="true" signature="mySetup()[pri:0, instance:login.RandomLogin@12dae582]" started-at="2024-01-28T21:23:12 AST" name="mySetup" finished-at="2024-01-28T21:23:12 AST" duration-ms="50" status="PASS">
          <reporter-output>
          </reporter-output>
        </test-method> <!-- mySetup -->
        <test-method signature="LoginUsingDifferentUserNames()[pri:1, instance:login.RandomLogin@12dae582]" started-at="2024-01-28T21:23:12 AST" name="LoginUsingDifferentUserNames" finished-at="2024-01-28T21:23:22 AST" duration-ms="9993" status="PASS">
          <reporter-output>
          </reporter-output>
        </test-method> <!-- LoginUsingDifferentUserNames -->
        <test-method signature="TheAmountOfTheFirstTwoItems()[pri:2, instance:login.RandomLogin@12dae582]" started-at="2024-01-28T21:23:22 AST" name="TheAmountOfTheFirstTwoItems" finished-at="2024-01-28T21:23:23 AST" duration-ms="836" status="PASS">
          <reporter-output>
          </reporter-output>
        </test-method> <!-- TheAmountOfTheFirstTwoItems -->
      </class> <!-- login.RandomLogin -->
    </test> <!-- Default test -->
  </suite> <!-- Default suite -->
</testng-results>
